Date: 2015-06-22 14:14
SG Backup version: 1.0.0
OS: Linux
Server: Apache/2.4.10-1-beget-reuseport (Unix)
User agent: Mozilla/5.0 (Windows NT 6.3; WOW64) AppleWebKit/537.36 (KHTML, like Gecko) Chrome/43.0.2357.124 Safari/537.36
PHP version: 5.5.25
SAPI: apache2handler
Codepage: C
Int size: 8
Int lib: gmp
Memory limit: 256M
Max execution time: 0
Environment: Wordpress 4.2.2
Backup type: files,database

2015-06-22 14:14: Start backup
2015-06-22 14:14: Start backup database
2015-06-22 14:14: Total tables to backup: 11
2015-06-22 14:14: Total rows to backup: 513
2015-06-22 14:14: Start backup table: wp_commentmeta
2015-06-22 14:14: End backup table: wp_commentmeta
2015-06-22 14:14: Start backup table: wp_comments
2015-06-22 14:14: End backup table: wp_comments
2015-06-22 14:14: Start backup table: wp_links
2015-06-22 14:14: End backup table: wp_links
2015-06-22 14:14: Start backup table: wp_options
2015-06-22 14:14: End backup table: wp_options
2015-06-22 14:14: Start backup table: wp_postmeta
2015-06-22 14:14: End backup table: wp_postmeta
2015-06-22 14:14: Start backup table: wp_posts
2015-06-22 14:14: End backup table: wp_posts
2015-06-22 14:14: Start backup table: wp_term_relationships
2015-06-22 14:14: End backup table: wp_term_relationships
2015-06-22 14:14: Start backup table: wp_term_taxonomy
2015-06-22 14:14: End backup table: wp_term_taxonomy
2015-06-22 14:14: Start backup table: wp_terms
2015-06-22 14:14: End backup table: wp_terms
2015-06-22 14:14: Start backup table: wp_usermeta
2015-06-22 14:14: End backup table: wp_usermeta
2015-06-22 14:14: Start backup table: wp_users
2015-06-22 14:14: End backup table: wp_users
2015-06-22 14:14: End backup database
2015-06-22 14:14: Start backup files
2015-06-22 14:14: Backup files: wp-content,wp-content/uploads/backup-guard/sg_backup_20150622141443/sg_backup_20150622141443.sql
2015-06-22 14:14: Number of files to backup: 298
2015-06-22 14:14: Start backup file: wp-content
2015-06-22 14:14: End backup file: wp-content
2015-06-22 14:14: Start backup file: wp-content/uploads/backup-guard/sg_backup_20150622141443/sg_backup_20150622141443.sql
2015-06-22 14:14: End backup file: wp-content/uploads/backup-guard/sg_backup_20150622141443/sg_backup_20150622141443.sql
2015-06-22 14:14: End backup files
2015-06-22 14:14: End backup
2015-06-22 14:14: Total duration: 1.00 seconds
2015-06-22 14:14: Memory usage (peak): 10.37 MB
